/var/spool/slurmd/job185429/slurm_script: line 23: module: command not found

CommandNotFoundError: Your shell has not been properly configured to use 'conda activate'.
To initialize your shell, run

    $ conda init <SHELL_NAME>

Currently supported shells are:
  - bash
  - fish
  - tcsh
  - xonsh
  - zsh
  - powershell

See 'conda init --help' for more information and options.

IMPORTANT: You may need to close and restart your shell after running 'conda init'.


[nltk_data] Downloading package punkt to /home/sachingo/nltk_data...
[nltk_data] Downloading package punkt to /home/sachingo/nltk_data...
[nltk_data] Downloading package punkt to /home/sachingo/nltk_data...
[nltk_data] Downloading package punkt to /home/sachingo/nltk_data...
[nltk_data]   Package punkt is already up-to-date!
[nltk_data] Downloading package averaged_perceptron_tagger to
[nltk_data]     /home/sachingo/nltk_data...
[nltk_data]   Package punkt is already up-to-date!
[nltk_data]   Package punkt is already up-to-date!
[nltk_data] Downloading package averaged_perceptron_tagger to
[nltk_data]     /home/sachingo/nltk_data...
[nltk_data] Downloading package averaged_perceptron_tagger to
[nltk_data]     /home/sachingo/nltk_data...
[nltk_data]   Package punkt is already up-to-date!
[nltk_data] Downloading package averaged_perceptron_tagger to
[nltk_data]     /home/sachingo/nltk_data...
[nltk_data]   Package averaged_perceptron_tagger is already up-to-
[nltk_data]       date!
[nltk_data]   Package averaged_perceptron_tagger is already up-to-
[nltk_data]   Package averaged_perceptron_tagger is already up-to-
[nltk_data]       date!
[nltk_data]       date!
[nltk_data]   Package averaged_perceptron_tagger is already up-to-
[nltk_data]       date!
2023-10-15,10:59:02 | INFO | No latest resume checkpoint found in /project_data2/projects/sachingo/datacomp_checkpoints/logs/mediumscale_nofilter_5x_20231015_105803/checkpoints.
2023-10-15,10:59:06 | INFO | Running in distributed mode with multiple processes. Device: cuda:0.Process (global: 0, local 0), total 4.
2023-10-15,10:59:06 | INFO | Loaded ViT-B-32 model config.
2023-10-15,10:59:06 | INFO | Running in distributed mode with multiple processes. Device: cuda:3.Process (global: 3, local 3), total 4.
2023-10-15,10:59:06 | INFO | Running in distributed mode with multiple processes. Device: cuda:2.Process (global: 2, local 2), total 4.
2023-10-15,10:59:06 | INFO | Running in distributed mode with multiple processes. Device: cuda:1.Process (global: 1, local 1), total 4.
2023-10-15,10:59:06 | INFO | Loaded ViT-B-32 model config.
2023-10-15,10:59:06 | INFO | Loaded ViT-B-32 model config.
2023-10-15,10:59:06 | INFO | Loaded ViT-B-32 model config.
2023-10-15,10:59:08 | INFO | Model:
2023-10-15,10:59:08 | INFO | CLIP(
  (visual): VisionTransformer(
    (patchnorm_pre_ln): Identity()
    (conv1): Conv2d(3, 768, kernel_size=(32, 32), stride=(32, 32), bias=False)
    (patch_dropout): Identity()
    (ln_pre): LayerNorm((768,), eps=1e-05, elementwise_affine=True)
    (transformer): Transformer(
      (resblocks): ModuleList(
        (0): ResidualAttentionBlock(
          (ln_1): LayerNorm((768,), eps=1e-05, elementwise_affine=True)
          (attn): MultiheadAttention(
            (out_proj): NonDynamicallyQuantizableLinear(in_features=768, out_features=768, bias=True)
          )
          (ls_1): Identity()
          (ln_2): LayerNorm((768,), eps=1e-05, elementwise_affine=True)
          (mlp): Sequential(
            (c_fc): Linear(in_features=768, out_features=3072, bias=True)
            (gelu): GELU(approximate='none')
            (c_proj): Linear(in_features=3072, out_features=768, bias=True)
          )
          (ls_2): Identity()
        )
        (1): ResidualAttentionBlock(
          (ln_1): LayerNorm((768,), eps=1e-05, elementwise_affine=True)
          (attn): MultiheadAttention(
            (out_proj): NonDynamicallyQuantizableLinear(in_features=768, out_features=768, bias=True)
          )
          (ls_1): Identity()
          (ln_2): LayerNorm((768,), eps=1e-05, elementwise_affine=True)
          (mlp): Sequential(
            (c_fc): Linear(in_features=768, out_features=3072, bias=True)
            (gelu): GELU(approximate='none')
            (c_proj): Linear(in_features=3072, out_features=768, bias=True)
          )
          (ls_2): Identity()
        )
        (2): ResidualAttentionBlock(
          (ln_1): LayerNorm((768,), eps=1e-05, elementwise_affine=True)
          (attn): MultiheadAttention(
            (out_proj): NonDynamicallyQuantizableLinear(in_features=768, out_features=768, bias=True)
          )
          (ls_1): Identity()
          (ln_2): LayerNorm((768,), eps=1e-05, elementwise_affine=True)
          (mlp): Sequential(
            (c_fc): Linear(in_features=768, out_features=3072, bias=True)
            (gelu): GELU(approximate='none')
            (c_proj): Linear(in_features=3072, out_features=768, bias=True)
          )
          (ls_2): Identity()
        )
        (3): ResidualAttentionBlock(
          (ln_1): LayerNorm((768,), eps=1e-05, elementwise_affine=True)
          (attn): MultiheadAttention(
            (out_proj): NonDynamicallyQuantizableLinear(in_features=768, out_features=768, bias=True)
          )
          (ls_1): Identity()
          (ln_2): LayerNorm((768,), eps=1e-05, elementwise_affine=True)
          (mlp): Sequential(
            (c_fc): Linear(in_features=768, out_features=3072, bias=True)
            (gelu): GELU(approximate='none')
            (c_proj): Linear(in_features=3072, out_features=768, bias=True)
          )
          (ls_2): Identity()
        )
        (4): ResidualAttentionBlock(
          (ln_1): LayerNorm((768,), eps=1e-05, elementwise_affine=True)
          (attn): MultiheadAttention(
            (out_proj): NonDynamicallyQuantizableLinear(in_features=768, out_features=768, bias=True)
          )
          (ls_1): Identity()
          (ln_2): LayerNorm((768,), eps=1e-05, elementwise_affine=True)
          (mlp): Sequential(
            (c_fc): Linear(in_features=768, out_features=3072, bias=True)
            (gelu): GELU(approximate='none')
            (c_proj): Linear(in_features=3072, out_features=768, bias=True)
          )
          (ls_2): Identity()
        )
        (5): ResidualAttentionBlock(
          (ln_1): LayerNorm((768,), eps=1e-05, elementwise_affine=True)
          (attn): MultiheadAttention(
            (out_proj): NonDynamicallyQuantizableLinear(in_features=768, out_features=768, bias=True)
          )
          (ls_1): Identity()
          (ln_2): LayerNorm((768,), eps=1e-05, elementwise_affine=True)
          (mlp): Sequential(
            (c_fc): Linear(in_features=768, out_features=3072, bias=True)
            (gelu): GELU(approximate='none')
            (c_proj): Linear(in_features=3072, out_features=768, bias=True)
          )
          (ls_2): Identity()
        )
        (6): ResidualAttentionBlock(
          (ln_1): LayerNorm((768,), eps=1e-05, elementwise_affine=True)
          (attn): MultiheadAttention(
            (out_proj): NonDynamicallyQuantizableLinear(in_features=768, out_features=768, bias=True)
          )
          (ls_1): Identity()
          (ln_2): LayerNorm((768,), eps=1e-05, elementwise_affine=True)
          (mlp): Sequential(
            (c_fc): Linear(in_features=768, out_features=3072, bias=True)
            (gelu): GELU(approximate='none')
            (c_proj): Linear(in_features=3072, out_features=768, bias=True)
          )
          (ls_2): Identity()
        )
        (7): ResidualAttentionBlock(
          (ln_1): LayerNorm((768,), eps=1e-05, elementwise_affine=True)
          (attn): MultiheadAttention(
            (out_proj): NonDynamicallyQuantizableLinear(in_features=768, out_features=768, bias=True)
          )
          (ls_1): Identity()
          (ln_2): LayerNorm((768,), eps=1e-05, elementwise_affine=True)
          (mlp): Sequential(
            (c_fc): Linear(in_features=768, out_features=3072, bias=True)
            (gelu): GELU(approximate='none')
            (c_proj): Linear(in_features=3072, out_features=768, bias=True)
          )
          (ls_2): Identity()
        )
        (8): ResidualAttentionBlock(
          (ln_1): LayerNorm((768,), eps=1e-05, elementwise_affine=True)
          (attn): MultiheadAttention(
            (out_proj): NonDynamicallyQuantizableLinear(in_features=768, out_features=768, bias=True)
          )
          (ls_1): Identity()
          (ln_2): LayerNorm((768,), eps=1e-05, elementwise_affine=True)
          (mlp): Sequential(
            (c_fc): Linear(in_features=768, out_features=3072, bias=True)
            (gelu): GELU(approximate='none')
            (c_proj): Linear(in_features=3072, out_features=768, bias=True)
          )
          (ls_2): Identity()
        )
        (9): ResidualAttentionBlock(
          (ln_1): LayerNorm((768,), eps=1e-05, elementwise_affine=True)
          (attn): MultiheadAttention(
            (out_proj): NonDynamicallyQuantizableLinear(in_features=768, out_features=768, bias=True)
          )
          (ls_1): Identity()
          (ln_2): LayerNorm((768,), eps=1e-05, elementwise_affine=True)
          (mlp): Sequential(
            (c_fc): Linear(in_features=768, out_features=3072, bias=True)
            (gelu): GELU(approximate='none')
            (c_proj): Linear(in_features=3072, out_features=768, bias=True)
          )
          (ls_2): Identity()
        )
        (10): ResidualAttentionBlock(
          (ln_1): LayerNorm((768,), eps=1e-05, elementwise_affine=True)
          (attn): MultiheadAttention(
            (out_proj): NonDynamicallyQuantizableLinear(in_features=768, out_features=768, bias=True)
          )
          (ls_1): Identity()
          (ln_2): LayerNorm((768,), eps=1e-05, elementwise_affine=True)
          (mlp): Sequential(
            (c_fc): Linear(in_features=768, out_features=3072, bias=True)
            (gelu): GELU(approximate='none')
            (c_proj): Linear(in_features=3072, out_features=768, bias=True)
          )
          (ls_2): Identity()
        )
        (11): ResidualAttentionBlock(
          (ln_1): LayerNorm((768,), eps=1e-05, elementwise_affine=True)
          (attn): MultiheadAttention(
            (out_proj): NonDynamicallyQuantizableLinear(in_features=768, out_features=768, bias=True)
          )
          (ls_1): Identity()
          (ln_2): LayerNorm((768,), eps=1e-05, elementwise_affine=True)
          (mlp): Sequential(
            (c_fc): Linear(in_features=768, out_features=3072, bias=True)
            (gelu): GELU(approximate='none')
            (c_proj): Linear(in_features=3072, out_features=768, bias=True)
          )
          (ls_2): Identity()
        )
      )
    )
    (ln_post): LayerNorm((768,), eps=1e-05, elementwise_affine=True)
  )
  (transformer): Transformer(
    (resblocks): ModuleList(
      (0): ResidualAttentionBlock(
        (ln_1): LayerNorm((512,), eps=1e-05, elementwise_affine=True)
        (attn): MultiheadAttention(
          (out_proj): NonDynamicallyQuantizableLinear(in_features=512, out_features=512, bias=True)
        )
        (ls_1): Identity()
        (ln_2): LayerNorm((512,), eps=1e-05, elementwise_affine=True)
        (mlp): Sequential(
          (c_fc): Linear(in_features=512, out_features=2048, bias=True)
          (gelu): GELU(approximate='none')
          (c_proj): Linear(in_features=2048, out_features=512, bias=True)
        )
        (ls_2): Identity()
      )
      (1): ResidualAttentionBlock(
        (ln_1): LayerNorm((512,), eps=1e-05, elementwise_affine=True)
        (attn): MultiheadAttention(
          (out_proj): NonDynamicallyQuantizableLinear(in_features=512, out_features=512, bias=True)
        )
        (ls_1): Identity()
        (ln_2): LayerNorm((512,), eps=1e-05, elementwise_affine=True)
        (mlp): Sequential(
          (c_fc): Linear(in_features=512, out_features=2048, bias=True)
          (gelu): GELU(approximate='none')
          (c_proj): Linear(in_features=2048, out_features=512, bias=True)
        )
        (ls_2): Identity()
      )
      (2): ResidualAttentionBlock(
        (ln_1): LayerNorm((512,), eps=1e-05, elementwise_affine=True)
        (attn): MultiheadAttention(
          (out_proj): NonDynamicallyQuantizableLinear(in_features=512, out_features=512, bias=True)
        )
        (ls_1): Identity()
        (ln_2): LayerNorm((512,), eps=1e-05, elementwise_affine=True)
        (mlp): Sequential(
          (c_fc): Linear(in_features=512, out_features=2048, bias=True)
          (gelu): GELU(approximate='none')
          (c_proj): Linear(in_features=2048, out_features=512, bias=True)
        )
        (ls_2): Identity()
      )
      (3): ResidualAttentionBlock(
        (ln_1): LayerNorm((512,), eps=1e-05, elementwise_affine=True)
        (attn): MultiheadAttention(
          (out_proj): NonDynamicallyQuantizableLinear(in_features=512, out_features=512, bias=True)
        )
        (ls_1): Identity()
        (ln_2): LayerNorm((512,), eps=1e-05, elementwise_affine=True)
        (mlp): Sequential(
          (c_fc): Linear(in_features=512, out_features=2048, bias=True)
          (gelu): GELU(approximate='none')
          (c_proj): Linear(in_features=2048, out_features=512, bias=True)
        )
        (ls_2): Identity()
      )
      (4): ResidualAttentionBlock(
        (ln_1): LayerNorm((512,), eps=1e-05, elementwise_affine=True)
        (attn): MultiheadAttention(
          (out_proj): NonDynamicallyQuantizableLinear(in_features=512, out_features=512, bias=True)
        )
        (ls_1): Identity()
        (ln_2): LayerNorm((512,), eps=1e-05, elementwise_affine=True)
        (mlp): Sequential(
          (c_fc): Linear(in_features=512, out_features=2048, bias=True)
          (gelu): GELU(approximate='none')
          (c_proj): Linear(in_features=2048, out_features=512, bias=True)
        )
        (ls_2): Identity()
      )
      (5): ResidualAttentionBlock(
        (ln_1): LayerNorm((512,), eps=1e-05, elementwise_affine=True)
        (attn): MultiheadAttention(
          (out_proj): NonDynamicallyQuantizableLinear(in_features=512, out_features=512, bias=True)
        )
        (ls_1): Identity()
        (ln_2): LayerNorm((512,), eps=1e-05, elementwise_affine=True)
        (mlp): Sequential(
          (c_fc): Linear(in_features=512, out_features=2048, bias=True)
          (gelu): GELU(approximate='none')
          (c_proj): Linear(in_features=2048, out_features=512, bias=True)
        )
        (ls_2): Identity()
      )
      (6): ResidualAttentionBlock(
        (ln_1): LayerNorm((512,), eps=1e-05, elementwise_affine=True)
        (attn): MultiheadAttention(
          (out_proj): NonDynamicallyQuantizableLinear(in_features=512, out_features=512, bias=True)
        )
        (ls_1): Identity()
        (ln_2): LayerNorm((512,), eps=1e-05, elementwise_affine=True)
        (mlp): Sequential(
          (c_fc): Linear(in_features=512, out_features=2048, bias=True)
          (gelu): GELU(approximate='none')
          (c_proj): Linear(in_features=2048, out_features=512, bias=True)
        )
        (ls_2): Identity()
      )
      (7): ResidualAttentionBlock(
        (ln_1): LayerNorm((512,), eps=1e-05, elementwise_affine=True)
        (attn): MultiheadAttention(
          (out_proj): NonDynamicallyQuantizableLinear(in_features=512, out_features=512, bias=True)
        )
        (ls_1): Identity()
        (ln_2): LayerNorm((512,), eps=1e-05, elementwise_affine=True)
        (mlp): Sequential(
          (c_fc): Linear(in_features=512, out_features=2048, bias=True)
          (gelu): GELU(approximate='none')
          (c_proj): Linear(in_features=2048, out_features=512, bias=True)
        )
        (ls_2): Identity()
      )
      (8): ResidualAttentionBlock(
        (ln_1): LayerNorm((512,), eps=1e-05, elementwise_affine=True)
        (attn): MultiheadAttention(
          (out_proj): NonDynamicallyQuantizableLinear(in_features=512, out_features=512, bias=True)
        )
        (ls_1): Identity()
        (ln_2): LayerNorm((512,), eps=1e-05, elementwise_affine=True)
        (mlp): Sequential(
          (c_fc): Linear(in_features=512, out_features=2048, bias=True)
          (gelu): GELU(approximate='none')
          (c_proj): Linear(in_features=2048, out_features=512, bias=True)
        )
        (ls_2): Identity()
      )
      (9): ResidualAttentionBlock(
        (ln_1): LayerNorm((512,), eps=1e-05, elementwise_affine=True)
        (attn): MultiheadAttention(
          (out_proj): NonDynamicallyQuantizableLinear(in_features=512, out_features=512, bias=True)
        )
        (ls_1): Identity()
        (ln_2): LayerNorm((512,), eps=1e-05, elementwise_affine=True)
        (mlp): Sequential(
          (c_fc): Linear(in_features=512, out_features=2048, bias=True)
          (gelu): GELU(approximate='none')
          (c_proj): Linear(in_features=2048, out_features=512, bias=True)
        )
        (ls_2): Identity()
      )
      (10): ResidualAttentionBlock(
        (ln_1): LayerNorm((512,), eps=1e-05, elementwise_affine=True)
        (attn): MultiheadAttention(
          (out_proj): NonDynamicallyQuantizableLinear(in_features=512, out_features=512, bias=True)
        )
        (ls_1): Identity()
        (ln_2): LayerNorm((512,), eps=1e-05, elementwise_affine=True)
        (mlp): Sequential(
          (c_fc): Linear(in_features=512, out_features=2048, bias=True)
          (gelu): GELU(approximate='none')
          (c_proj): Linear(in_features=2048, out_features=512, bias=True)
        )
        (ls_2): Identity()
      )
      (11): ResidualAttentionBlock(
        (ln_1): LayerNorm((512,), eps=1e-05, elementwise_affine=True)
        (attn): MultiheadAttention(
          (out_proj): NonDynamicallyQuantizableLinear(in_features=512, out_features=512, bias=True)
        )
        (ls_1): Identity()
        (ln_2): LayerNorm((512,), eps=1e-05, elementwise_affine=True)
        (mlp): Sequential(
          (c_fc): Linear(in_features=512, out_features=2048, bias=True)
          (gelu): GELU(approximate='none')
          (c_proj): Linear(in_features=2048, out_features=512, bias=True)
        )
        (ls_2): Identity()
      )
    )
  )
  (token_embedding): Embedding(49408, 512)
  (ln_final): LayerNorm((512,), eps=1e-05, elementwise_affine=True)
)
2023-10-15,10:59:08 | INFO | Params:
2023-10-15,10:59:08 | INFO |   accum_freq: 1
2023-10-15,10:59:08 | INFO |   aug_cfg: {}
2023-10-15,10:59:08 | INFO |   batch_size: 1024
2023-10-15,10:59:08 | INFO |   beta1: 0.9
2023-10-15,10:59:08 | INFO |   beta2: 0.98
2023-10-15,10:59:08 | INFO |   checkpoint_path: /project_data2/projects/sachingo/datacomp_checkpoints/logs/mediumscale_nofilter_5x_20231015_105803/checkpoints
2023-10-15,10:59:08 | INFO |   coca_caption_loss_weight: 2.0
2023-10-15,10:59:08 | INFO |   coca_contrastive_loss_weight: 1.0
2023-10-15,10:59:08 | INFO |   copy_codebase: False
2023-10-15,10:59:08 | INFO |   csv_caption_key: title
2023-10-15,10:59:08 | INFO |   csv_img_key: filepath
2023-10-15,10:59:08 | INFO |   csv_separator: 	
2023-10-15,10:59:08 | INFO |   dataset_resampled: True
2023-10-15,10:59:08 | INFO |   dataset_type: webdataset
2023-10-15,10:59:08 | INFO |   ddp_static_graph: True
2023-10-15,10:59:08 | INFO |   debug: False
2023-10-15,10:59:08 | INFO |   delete_previous_checkpoint: False
2023-10-15,10:59:08 | INFO |   device: cuda:0
2023-10-15,10:59:08 | INFO |   dist_backend: nccl
2023-10-15,10:59:08 | INFO |   dist_url: env://
2023-10-15,10:59:08 | INFO |   distill: False
2023-10-15,10:59:08 | INFO |   distill_model: None
2023-10-15,10:59:08 | INFO |   distill_pretrained: None
2023-10-15,10:59:08 | INFO |   distributed: True
2023-10-15,10:59:08 | INFO |   epochs: 5
2023-10-15,10:59:08 | INFO |   epochs_cooldown: None
2023-10-15,10:59:08 | INFO |   eps: 1e-06
2023-10-15,10:59:08 | INFO |   filter: none
2023-10-15,10:59:08 | INFO |   force_custom_text: False
2023-10-15,10:59:08 | INFO |   force_image_size: None
2023-10-15,10:59:08 | INFO |   force_patch_dropout: None
2023-10-15,10:59:08 | INFO |   force_quick_gelu: False
2023-10-15,10:59:08 | INFO |   gather_with_grad: True
2023-10-15,10:59:08 | INFO |   grad_checkpointing: True
2023-10-15,10:59:08 | INFO |   grad_clip_norm: None
2023-10-15,10:59:08 | INFO |   horovod: False
2023-10-15,10:59:08 | INFO |   image_mean: None
2023-10-15,10:59:08 | INFO |   image_std: None
2023-10-15,10:59:08 | INFO |   imagenet_v2: None
2023-10-15,10:59:08 | INFO |   imagenet_val: None
2023-10-15,10:59:08 | INFO |   is_valid_pt: None
2023-10-15,10:59:08 | INFO |   local_loss: True
2023-10-15,10:59:08 | INFO |   local_rank: 0
2023-10-15,10:59:08 | INFO |   lock_image: False
2023-10-15,10:59:08 | INFO |   lock_image_freeze_bn_stats: False
2023-10-15,10:59:08 | INFO |   lock_image_unlocked_groups: 0
2023-10-15,10:59:08 | INFO |   lock_text: False
2023-10-15,10:59:08 | INFO |   lock_text_freeze_layer_norm: False
2023-10-15,10:59:08 | INFO |   lock_text_unlocked_layers: 0
2023-10-15,10:59:08 | INFO |   log_every_n_steps: 100
2023-10-15,10:59:08 | INFO |   log_level: 20
2023-10-15,10:59:08 | INFO |   log_local: False
2023-10-15,10:59:08 | INFO |   log_path: /project_data2/projects/sachingo/datacomp_checkpoints/logs/mediumscale_nofilter_5x_20231015_105803/out.log
2023-10-15,10:59:08 | INFO |   logs: /project_data2/projects/sachingo/datacomp_checkpoints/logs
2023-10-15,10:59:08 | INFO |   lr: 0.0005
2023-10-15,10:59:08 | INFO |   lr_cooldown_end: 0.0
2023-10-15,10:59:08 | INFO |   lr_cooldown_power: 1.0
2023-10-15,10:59:08 | INFO |   lr_scheduler: cosine
2023-10-15,10:59:08 | INFO |   model: ViT-B-32
2023-10-15,10:59:08 | INFO |   name: mediumscale_nofilter_5x_20231015_105803
2023-10-15,10:59:08 | INFO |   no_set_device_rank: False
2023-10-15,10:59:08 | INFO |   num_saves_per_epoch: 5
2023-10-15,10:59:08 | INFO |   only_local_loss: 0
2023-10-15,10:59:08 | INFO |   precision: amp
2023-10-15,10:59:08 | INFO |   pretrained: 
2023-10-15,10:59:08 | INFO |   pretrained_image: False
2023-10-15,10:59:08 | INFO |   rank: 0
2023-10-15,10:59:08 | INFO |   remote_sync: None
2023-10-15,10:59:08 | INFO |   remote_sync_frequency: 300
2023-10-15,10:59:08 | INFO |   remote_sync_protocol: s3
2023-10-15,10:59:08 | INFO |   report_to: 
2023-10-15,10:59:08 | INFO |   resume: None
2023-10-15,10:59:08 | INFO |   save_frequency: 1
2023-10-15,10:59:08 | INFO |   save_most_recent: False
2023-10-15,10:59:08 | INFO |   seed: 0
2023-10-15,10:59:08 | INFO |   siglip: False
2023-10-15,10:59:08 | INFO |   skip_scheduler: False
2023-10-15,10:59:08 | INFO |   tensorboard: False
2023-10-15,10:59:08 | INFO |   tensorboard_path: 
2023-10-15,10:59:08 | INFO |   torchcompile: False
2023-10-15,10:59:08 | INFO |   torchscript: False
2023-10-15,10:59:08 | INFO |   trace: False
2023-10-15,10:59:08 | INFO |   train_data: /project_data2/datasets/datanet/shards/{00000000..00012895}.tar
2023-10-15,10:59:08 | INFO |   train_data_upsampling_factors: None
2023-10-15,10:59:08 | INFO |   train_num_samples: 128000000
2023-10-15,10:59:08 | INFO |   use_bn_sync: False
2023-10-15,10:59:08 | INFO |   use_bnb_linear: None
2023-10-15,10:59:08 | INFO |   val_data: None
2023-10-15,10:59:08 | INFO |   val_frequency: 1
2023-10-15,10:59:08 | INFO |   val_num_samples: None
2023-10-15,10:59:08 | INFO |   valid_file: None
2023-10-15,10:59:08 | INFO |   wandb: False
2023-10-15,10:59:08 | INFO |   wandb_notes: 
2023-10-15,10:59:08 | INFO |   wandb_project_name: open-clip
2023-10-15,10:59:08 | INFO |   warmup: 500
2023-10-15,10:59:08 | INFO |   wd: 0.2
2023-10-15,10:59:08 | INFO |   workers: 4
2023-10-15,10:59:08 | INFO |   world_size: 4
2023-10-15,10:59:08 | INFO |   zeroshot_frequency: 2
Traceback (most recent call last):
  File "/home/sachingo/datacomp/train.py", line 328, in <module>
    success = main(main_args)
  File "/home/sachingo/datacomp/training/main.py", line 353, in main
    data = get_data(args, (preprocess_train, preprocess_val), epoch=start_epoch, tokenizer=get_tokenizer(args.model))
  File "/home/sachingo/datacomp/training/data.py", line 579, in get_data
Traceback (most recent call last):
  File "/home/sachingo/datacomp/train.py", line 328, in <module>
    success = main(main_args)
  File "/home/sachingo/datacomp/training/main.py", line 353, in main
    data = get_data(args, (preprocess_train, preprocess_val), epoch=start_epoch, tokenizer=get_tokenizer(args.model))
  File "/home/sachingo/datacomp/training/data.py", line 579, in get_data
Traceback (most recent call last):
  File "/home/sachingo/datacomp/train.py", line 328, in <module>
Traceback (most recent call last):
  File "/home/sachingo/datacomp/train.py", line 328, in <module>
    success = main(main_args)
  File "/home/sachingo/datacomp/training/main.py", line 353, in main
    success = main(main_args)
  File "/home/sachingo/datacomp/training/main.py", line 353, in main
    data = get_data(args, (preprocess_train, preprocess_val), epoch=start_epoch, tokenizer=get_tokenizer(args.model))
  File "/home/sachingo/datacomp/training/data.py", line 579, in get_data
    data = get_data(args, (preprocess_train, preprocess_val), epoch=start_epoch, tokenizer=get_tokenizer(args.model))
  File "/home/sachingo/datacomp/training/data.py", line 579, in get_data
    data["train"] = get_dataset_fn(args.train_data, args.dataset_type)(
  File "/home/sachingo/datacomp/training/data.py", line 357, in get_wds_dataset
    data["train"] = get_dataset_fn(args.train_data, args.dataset_type)(
  File "/home/sachingo/datacomp/training/data.py", line 357, in get_wds_dataset
    data["train"] = get_dataset_fn(args.train_data, args.dataset_type)(
  File "/home/sachingo/datacomp/training/data.py", line 357, in get_wds_dataset
    data["train"] = get_dataset_fn(args.train_data, args.dataset_type)(
  File "/home/sachingo/datacomp/training/data.py", line 357, in get_wds_dataset
    assert input_shards is not None
UnboundLocalError: local variable 'input_shards' referenced before assignment
    assert input_shards is not None
    assert input_shards is not None
UnboundLocalError: local variable 'input_shards' referenced before assignment
UnboundLocalError: local variable 'input_shards' referenced before assignment
    assert input_shards is not None
UnboundLocalError: local variable 'input_shards' referenced before assignment
srun: error: locus-1-29: tasks 1-2: Exited with exit code 1
srun: error: locus-1-29: tasks 0,3: Exited with exit code 1
